app/build/intermediates/manifest_merge_blame_file/debug/processDebugMainManifest/manifest-merger-blame-debug-report.txt
1<?xml version="1.0" encoding="utf-8"?>
2<manifest xmlns:android="http://schemas.android.com/apk/res/android"
3    package="com.projectzero.tapeamp32"
4    android:versionCode="17"
5    android:versionName="2.6" >
6
7    <uses-sdk
7-->INJECTED
8        android:minSdkVersion="26"
8-->INJECTED
9        android:targetSdkVersion="34" />
9-->INJECTED
10
11    <uses-permission android:name="android.permission.INTERNET" />
11-->src\main\AndroidManifest.xml:4:5-67
11-->src\main\AndroidManifest.xml:4:22-64
12    <uses-permission android:name="android.permission.ACCESS_NETWORK_STATE" />
12-->src\main\AndroidManifest.xml:5:5-79
12-->src\main\AndroidManifest.xml:5:22-76
13    <uses-permission android:name="android.permission.READ_MEDIA_AUDIO" />
13-->src\main\AndroidManifest.xml:6:5-75
13-->src\main\AndroidManifest.xml:6:22-72
14    <uses-permission
14-->src\main\AndroidManifest.xml:7:5-8:38
15        android:name="android.permission.READ_EXTERNAL_STORAGE"
15-->src\main\AndroidManifest.xml:7:22-77
16        android:maxSdkVersion="32" />
16-->src\main\AndroidManifest.xml:8:9-35
17    <uses-permission android:name="android.permission.FOREGROUND_SERVICE" />
17-->src\main\AndroidManifest.xml:9:5-77
17-->src\main\AndroidManifest.xml:9:22-74
18    <uses-permission android:name="android.permission.FOREGROUND_SERVICE_MEDIA_PLAYBACK" />
18-->src\main\AndroidManifest.xml:10:5-92
18-->src\main\AndroidManifest.xml:10:22-89
19    <uses-permission android:name="android.permission.POST_NOTIFICATIONS" />
19-->src\main\AndroidManifest.xml:11:5-77
19-->src\main\AndroidManifest.xml:11:22-74
20    <uses-permission android:name="android.permission.WAKE_LOCK" />
20-->src\main\AndroidManifest.xml:12:5-68
20-->src\main\AndroidManifest.xml:12:22-65
21    <uses-permission android:name="android.permission.REQUEST_IGNORE_BATTERY_OPTIMIZATIONS" />
21-->src\main\AndroidManifest.xml:13:5-95
21-->src\main\AndroidManifest.xml:13:22-92
22
23    <permission
23-->[androidx.core:core:1.13.1] AndroidManifest.xml:22:5-24:47
24        android:name="com.projectzero.tapeamp32.DYNAMIC_RECEIVER_NOT_EXPORTED_PERMISSION"
24-->[androidx.core:core:1.13.1] AndroidManifest.xml:23:9-81
25        android:protectionLevel="signature" />
25-->[androidx.core:core:1.13.1] AndroidManifest.xml:24:9-44
26
27    <uses-permission android:name="com.projectzero.tapeamp32.DYNAMIC_RECEIVER_NOT_EXPORTED_PERMISSION" />
27-->[androidx.core:core:1.13.1] AndroidManifest.xml:26:5-97
27-->[androidx.core:core:1.13.1] AndroidManifest.xml:26:22-94
28
29    <application
29-->src\main\AndroidManifest.xml:15:5-127:19
30        android:allowBackup="true"
30-->src\main\AndroidManifest.xml:16:9-35
31        android:appComponentFactory="androidx.core.app.CoreComponentFactory"
31-->[androidx.core:core:1.13.1] AndroidManifest.xml:28:18-86
32        android:debuggable="true"
33        android:extractNativeLibs="false"
33-->INJECTED
34        android:icon="@mipmap/ic_launcher"
34-->src\main\AndroidManifest.xml:17:9-43
35        android:label="@string/app_name"
35-->src\main\AndroidManifest.xml:19:9-41
36        android:roundIcon="@mipmap/ic_launcher"
36-->src\main\AndroidManifest.xml:18:9-48
37        android:supportsRtl="true"
37-->src\main\AndroidManifest.xml:20:9-35
38        android:theme="@style/Theme.TapeAmp32"
38-->src\main\AndroidManifest.xml:21:9-47
39        android:usesCleartextTraffic="true" >
39-->src\main\AndroidManifest.xml:22:9-44
40        <activity
40-->src\main\AndroidManifest.xml:24:9-82:20
41            android:name="com.projectzero.tapeamp32.MainActivity"
41-->src\main\AndroidManifest.xml:25:13-41
42            android:configChanges="orientation|screenSize|smallestScreenSize|screenLayout|keyboardHidden"
42-->src\main\AndroidManifest.xml:31:13-106
43            android:exported="true"
43-->src\main\AndroidManifest.xml:26:13-36
44            android:launchMode="singleTop"
44-->src\main\AndroidManifest.xml:27:13-43
45            android:resizeableActivity="true"
45-->src\main\AndroidManifest.xml:29:13-46
46            android:screenOrientation="userLandscape"
46-->src\main\AndroidManifest.xml:28:13-54
47            android:supportsPictureInPicture="false"
47-->src\main\AndroidManifest.xml:30:13-53
48            android:theme="@style/Theme.TapeAmp32.Splash" >
48-->src\main\AndroidManifest.xml:32:13-58
49            <intent-filter>
49-->src\main\AndroidManifest.xml:33:13-36:29
50                <action android:name="android.intent.action.MAIN" />
50-->src\main\AndroidManifest.xml:34:17-69
50-->src\main\AndroidManifest.xml:34:25-66
51
52                <category android:name="android.intent.category.LAUNCHER" />
52-->src\main\AndroidManifest.xml:35:17-77
52-->src\main\AndroidManifest.xml:35:27-74
53            </intent-filter>
54
55            <!--
56                 BARU (bug "app tidak muncul di 'buka dengan' saat tap file lagu di
57                 file manager/app downloader lain"): sebelumnya MainActivity CUMA
58                 punya intent-filter MAIN/LAUNCHER (buat ikon di home screen), jadi
59                 Android tidak pernah tahu app ini SANGGUP membuka file audio dari
60                 luar - makanya tidak pernah muncul di dialog pilihan "Buka
61                 dengan". Dua intent-filter di bawah ini yang bikin Android
62                 menawarkan TapeAmp32 sebagai pilihan:
63                 1) VIEW + mimeType audio/* - untuk file yang sudah dikenali
64                    sistem sebagai audio (skema content:// dari file manager,
65                    aplikasi downloader, dsb).
66                 2) VIEW + skema file:// dengan pathPattern berakhiran ekstensi
67                    audio yang didukung app ini - untuk kasus file lokal yang
68                    dibuka lewat skema file:// (sebagian file manager lama masih
69                    pakai ini, bukan content://), yang kadang tidak selalu punya
70                    mimeType audio/* yang benar terpasang di sistem.
71                 category BROWSABLE disertakan juga supaya ikut muncul kalau file
72                 dibuka dari link/browser, bukan cuma dari file manager.
73            -->
74            <intent-filter>
74-->src\main\AndroidManifest.xml:55:13-61:29
75                <action android:name="android.intent.action.VIEW" />
75-->src\main\AndroidManifest.xml:56:17-69
75-->src\main\AndroidManifest.xml:56:25-66
76
77                <category android:name="android.intent.category.DEFAULT" />
77-->src\main\AndroidManifest.xml:57:17-76
77-->src\main\AndroidManifest.xml:57:27-73
78                <category android:name="android.intent.category.BROWSABLE" />
78-->src\main\AndroidManifest.xml:58:17-78
78-->src\main\AndroidManifest.xml:58:27-75
79
80                <data android:scheme="content" />
80-->src\main\AndroidManifest.xml:59:17-50
80-->src\main\AndroidManifest.xml:59:23-47
81                <data android:mimeType="audio/*" />
81-->src\main\AndroidManifest.xml:59:17-50
81-->src\main\AndroidManifest.xml:60:23-49
82            </intent-filter>
83            <intent-filter>
83-->src\main\AndroidManifest.xml:62:13-68:29
84                <action android:name="android.intent.action.VIEW" />
84-->src\main\AndroidManifest.xml:56:17-69
84-->src\main\AndroidManifest.xml:56:25-66
85
86                <category android:name="android.intent.category.DEFAULT" />
86-->src\main\AndroidManifest.xml:57:17-76
86-->src\main\AndroidManifest.xml:57:27-73
87                <category android:name="android.intent.category.BROWSABLE" />
87-->src\main\AndroidManifest.xml:58:17-78
87-->src\main\AndroidManifest.xml:58:27-75
88
89                <data android:scheme="file" />
89-->src\main\AndroidManifest.xml:59:17-50
89-->src\main\AndroidManifest.xml:59:23-47
90                <data android:mimeType="audio/*" />
90-->src\main\AndroidManifest.xml:59:17-50
90-->src\main\AndroidManifest.xml:60:23-49
91            </intent-filter>
92            <intent-filter>
92-->src\main\AndroidManifest.xml:69:13-81:29
93                <action android:name="android.intent.action.VIEW" />
93-->src\main\AndroidManifest.xml:56:17-69
93-->src\main\AndroidManifest.xml:56:25-66
94
95                <category android:name="android.intent.category.DEFAULT" />
95-->src\main\AndroidManifest.xml:57:17-76
95-->src\main\AndroidManifest.xml:57:27-73
96
97                <data android:scheme="file" />
97-->src\main\AndroidManifest.xml:59:17-50
97-->src\main\AndroidManifest.xml:59:23-47
98                <data android:host="*" />
98-->src\main\AndroidManifest.xml:59:17-50
98-->src\main\AndroidManifest.xml:73:23-39
99                <data android:pathPattern=".*\\.mp3" />
99-->src\main\AndroidManifest.xml:59:17-50
99-->src\main\AndroidManifest.xml:74:23-53
100                <data android:pathPattern=".*\\.flac" />
100-->src\main\AndroidManifest.xml:59:17-50
100-->src\main\AndroidManifest.xml:74:23-53
101                <data android:pathPattern=".*\\.wav" />
101-->src\main\AndroidManifest.xml:59:17-50
101-->src\main\AndroidManifest.xml:74:23-53
102                <data android:pathPattern=".*\\.m4a" />
102-->src\main\AndroidManifest.xml:59:17-50
102-->src\main\AndroidManifest.xml:74:23-53
103                <data android:pathPattern=".*\\.ogg" />
103-->src\main\AndroidManifest.xml:59:17-50
103-->src\main\AndroidManifest.xml:74:23-53
104                <data android:pathPattern=".*\\.dsf" />
104-->src\main\AndroidManifest.xml:59:17-50
104-->src\main\AndroidManifest.xml:74:23-53
105                <data android:pathPattern=".*\\.dff" />
105-->src\main\AndroidManifest.xml:59:17-50
105-->src\main\AndroidManifest.xml:74:23-53
106            </intent-filter>
107        </activity>
108
109        <service
109-->src\main\AndroidManifest.xml:84:9-98:19
110            android:name="com.projectzero.tapeamp32.audio.PlaybackService"
110-->src\main\AndroidManifest.xml:85:13-50
111            android:exported="true"
111-->src\main\AndroidManifest.xml:87:13-36
112            android:foregroundServiceType="mediaPlayback" >
112-->src\main\AndroidManifest.xml:86:13-58
113            <intent-filter>
113-->src\main\AndroidManifest.xml:88:13-97:29
114                <action android:name="androidx.media3.session.MediaSessionService" />
114-->src\main\AndroidManifest.xml:89:17-86
114-->src\main\AndroidManifest.xml:89:25-83
115                <action android:name="android.intent.action.MEDIA_BUTTON" />
115-->src\main\AndroidManifest.xml:90:17-77
115-->src\main\AndroidManifest.xml:90:25-74
116                <!--
117                     BARU (Android Auto): PlaybackService sekarang MediaLibraryService
118                     (lihat PlaybackService.kt), action ini yang dipakai host Android
119                     Auto/Assistant untuk MENEMUKAN app ini sebagai app media yang bisa
120                     di-browse, terpisah dari action MediaSessionService di atas yang
121                     dipakai Media3 sendiri (controller/notifikasi).
122                -->
123                <action android:name="android.media.browse.MediaBrowserService" />
123-->src\main\AndroidManifest.xml:96:17-83
123-->src\main\AndroidManifest.xml:96:25-80
124            </intent-filter>
125        </service>
126
127        <receiver
127-->src\main\AndroidManifest.xml:100:9-106:20
128            android:name="androidx.media3.session.MediaButtonReceiver"
128-->src\main\AndroidManifest.xml:101:13-71
129            android:exported="true" >
129-->src\main\AndroidManifest.xml:102:13-36
130            <intent-filter>
130-->src\main\AndroidManifest.xml:103:13-105:29
131                <action android:name="android.intent.action.MEDIA_BUTTON" />
131-->src\main\AndroidManifest.xml:90:17-77
131-->src\main\AndroidManifest.xml:90:25-74
132            </intent-filter>
133        </receiver>
134
135        <!-- BARU (v2.3, Widget Home Screen) -->
136        <receiver
136-->src\main\AndroidManifest.xml:109:9-118:20
137            android:name="com.projectzero.tapeamp32.widget.PlayerWidgetProvider"
137-->src\main\AndroidManifest.xml:110:13-56
138            android:exported="false" >
138-->src\main\AndroidManifest.xml:111:13-37
139            <intent-filter>
139-->src\main\AndroidManifest.xml:112:13-114:29
140                <action android:name="android.appwidget.action.APPWIDGET_UPDATE" />
140-->src\main\AndroidManifest.xml:113:17-84
140-->src\main\AndroidManifest.xml:113:25-81
141            </intent-filter>
142
143            <meta-data
143-->src\main\AndroidManifest.xml:115:13-117:62
144                android:name="android.appwidget.provider"
144-->src\main\AndroidManifest.xml:116:17-58
145                android:resource="@xml/player_widget_info" />
145-->src\main\AndroidManifest.xml:117:17-59
146        </receiver>
147
148        <!--
149             BARU (Android Auto): descriptor wajib supaya app ini dikenali sebagai
150             app kategori "media" oleh Android Auto (ditampilkan di launcher mobil &
151             boleh dibrowse dari sana), lihat res/xml/automotive_app_desc.xml.
152        -->
153        <meta-data
153-->src\main\AndroidManifest.xml:123:9-125:59
154            android:name="com.google.android.gms.car.application"
154-->src\main\AndroidManifest.xml:124:13-66
155            android:resource="@xml/automotive_app_desc" />
155-->src\main\AndroidManifest.xml:125:13-56
156
157        <provider
157-->[androidx.emoji2:emoji2:1.3.0] AndroidManifest.xml:24:9-32:20
158            android:name="androidx.startup.InitializationProvider"
158-->[androidx.emoji2:emoji2:1.3.0] AndroidManifest.xml:25:13-67
159            android:authorities="com.projectzero.tapeamp32.androidx-startup"
159-->[androidx.emoji2:emoji2:1.3.0] AndroidManifest.xml:26:13-68
160            android:exported="false" >
160-->[androidx.emoji2:emoji2:1.3.0] AndroidManifest.xml:27:13-37
161            <meta-data
161-->[androidx.emoji2:emoji2:1.3.0] AndroidManifest.xml:29:13-31:52
162                android:name="androidx.emoji2.text.EmojiCompatInitializer"
162-->[androidx.emoji2:emoji2:1.3.0] AndroidManifest.xml:30:17-75
163                android:value="androidx.startup" />
163-->[androidx.emoji2:emoji2:1.3.0] AndroidManifest.xml:31:17-49
164            <meta-data
164-->[androidx.lifecycle:lifecycle-process:2.8.4] AndroidManifest.xml:29:13-31:52
165                android:name="androidx.lifecycle.ProcessLifecycleInitializer"
165-->[androidx.lifecycle:lifecycle-process:2.8.4] AndroidManifest.xml:30:17-78
166                android:value="androidx.startup" />
166-->[androidx.lifecycle:lifecycle-process:2.8.4] AndroidManifest.xml:31:17-49
167            <meta-data
167-->[androidx.profileinstaller:profileinstaller:1.3.1] AndroidManifest.xml:29:13-31:52
168                android:name="androidx.profileinstaller.ProfileInstallerInitializer"
168-->[androidx.profileinstaller:profileinstaller:1.3.1] AndroidManifest.xml:30:17-85
169                android:value="androidx.startup" />
169-->[androidx.profileinstaller:profileinstaller:1.3.1] AndroidManifest.xml:31:17-49
170        </provider>
171
172        <activity
172-->[androidx.compose.ui:ui-tooling-android:1.6.8] AndroidManifest.xml:23:9-25:39
173            android:name="androidx.compose.ui.tooling.PreviewActivity"
173-->[androidx.compose.ui:ui-tooling-android:1.6.8] AndroidManifest.xml:24:13-71
174            android:exported="true" />
174-->[androidx.compose.ui:ui-tooling-android:1.6.8] AndroidManifest.xml:25:13-36
175
176        <receiver
176-->[androidx.profileinstaller:profileinstaller:1.3.1] AndroidManifest.xml:34:9-52:20
177            android:name="androidx.profileinstaller.ProfileInstallReceiver"
177-->[androidx.profileinstaller:profileinstaller:1.3.1] AndroidManifest.xml:35:13-76
178            android:directBootAware="false"
178-->[androidx.profileinstaller:profileinstaller:1.3.1] AndroidManifest.xml:36:13-44
179            android:enabled="true"
179-->[androidx.profileinstaller:profileinstaller:1.3.1] AndroidManifest.xml:37:13-35
180            android:exported="true"
180-->[androidx.profileinstaller:profileinstaller:1.3.1] AndroidManifest.xml:38:13-36
181            android:permission="android.permission.DUMP" >
181-->[androidx.profileinstaller:profileinstaller:1.3.1] AndroidManifest.xml:39:13-57
182            <intent-filter>
182-->[androidx.profileinstaller:profileinstaller:1.3.1] AndroidManifest.xml:40:13-42:29
183                <action android:name="androidx.profileinstaller.action.INSTALL_PROFILE" />
183-->[androidx.profileinstaller:profileinstaller:1.3.1] AndroidManifest.xml:41:17-91
183-->[androidx.profileinstaller:profileinstaller:1.3.1] AndroidManifest.xml:41:25-88
184            </intent-filter>
185            <intent-filter>
185-->[androidx.profileinstaller:profileinstaller:1.3.1] AndroidManifest.xml:43:13-45:29
186                <action android:name="androidx.profileinstaller.action.SKIP_FILE" />
186-->[androidx.profileinstaller:profileinstaller:1.3.1] AndroidManifest.xml:44:17-85
186-->[androidx.profileinstaller:profileinstaller:1.3.1] AndroidManifest.xml:44:25-82
187            </intent-filter>
188            <intent-filter>
188-->[androidx.profileinstaller:profileinstaller:1.3.1] AndroidManifest.xml:46:13-48:29
189                <action android:name="androidx.profileinstaller.action.SAVE_PROFILE" />
189-->[androidx.profileinstaller:profileinstaller:1.3.1] AndroidManifest.xml:47:17-88
189-->[androidx.profileinstaller:profileinstaller:1.3.1] AndroidManifest.xml:47:25-85
190            </intent-filter>
191            <intent-filter>
191-->[androidx.profileinstaller:profileinstaller:1.3.1] AndroidManifest.xml:49:13-51:29
192                <action android:name="androidx.profileinstaller.action.BENCHMARK_OPERATION" />
192-->[androidx.profileinstaller:profileinstaller:1.3.1] AndroidManifest.xml:50:17-95
192-->[androidx.profileinstaller:profileinstaller:1.3.1] AndroidManifest.xml:50:25-92
193            </intent-filter>
194        </receiver>
195    </application>
196
197</manifest>